<?xml version="1.0" encoding="UTF-8"?>
<!-- Generated by org.testng.reporters.JUnitReportReporter -->
<testsuite hostname="qaplanet27" name="org.QAPlanet.TestScripts.TC2_AddEmployee" tests="1" failures="0" timestamp="22 Jul 2017 05:07:47 GMT" time="12.383" errors="0">
  <testcase name="verifyOrangeHRMApplication" time="12.383" classname="org.QAPlanet.TestScripts.TC2_AddEmployee"/>
</testsuite> <!-- org.QAPlanet.TestScripts.TC2_AddEmployee -->
