<?xml version="1.0" encoding="UTF-8"?>
<!-- Generated by org.testng.reporters.JUnitReportReporter -->
<testsuite hostname="qaplanet27" name="org.QAPlanet.TestScripts.TC1_LoginToOrangeHRM" tests="1" failures="0" timestamp="14 Jul 2017 06:13:41 GMT" time="10.434" errors="0">
  <testcase name="verifyOrangeHRMApplication" time="10.434" classname="org.QAPlanet.TestScripts.TC1_LoginToOrangeHRM"/>
</testsuite> <!-- org.QAPlanet.TestScripts.TC1_LoginToOrangeHRM -->
